2022-12-28 16:07:29.442 [info] Extension host with pid 1876 started
2022-12-28 16:07:29.446 [error] Error: EEXIST: file already exists, open '/home/ubuntu/.vscode-server/data/User/workspaceStorage/d165b1a35fe49e71ebb7396c0c10341c/vscode.lock'
2022-12-28 16:07:29.451 [info] Lock '/home/ubuntu/.vscode-server/data/User/workspaceStorage/d165b1a35fe49e71ebb7396c0c10341c/vscode.lock': Could not acquire lock, checking if the file is stale.
2022-12-28 16:07:29.456 [info] Lock '/home/ubuntu/.vscode-server/data/User/workspaceStorage/d165b1a35fe49e71ebb7396c0c10341c/vscode.lock': The pid 12010 appears to be gone.
2022-12-28 16:07:29.457 [info] Lock '/home/ubuntu/.vscode-server/data/User/workspaceStorage/d165b1a35fe49e71ebb7396c0c10341c/vscode.lock': Deleting a stale lock.
2022-12-28 16:07:29.461 [info] Lock '/home/ubuntu/.vscode-server/data/User/workspaceStorage/d165b1a35fe49e71ebb7396c0c10341c/vscode.lock': Lock acquired.
2022-12-28 16:07:29.774 [info] ExtensionService#_doActivateExtension vscode.git-base, startup: true, activationEvent: '*', root cause: vscode.git
2022-12-28 16:07:30.805 [info] ExtensionService#_doActivateExtension vscode.git, startup: true, activationEvent: '*'
2022-12-28 16:07:30.806 [info] ExtensionService#_doActivateExtension vscode.github, startup: true, activationEvent: '*'
2022-12-28 16:07:31.380 [info] ExtensionService#_doActivateExtension vscode.debug-auto-launch, startup: false, activationEvent: 'onStartupFinished'
2022-12-28 16:07:31.382 [info] ExtensionService#_doActivateExtension vscode.emmet, startup: false, activationEvent: 'onStartupFinished'
2022-12-28 16:07:31.383 [info] ExtensionService#_doActivateExtension vscode.merge-conflict, startup: false, activationEvent: 'onStartupFinished'
2022-12-28 16:07:31.383 [info] Eager extensions activated
2022-12-28 16:58:31.151 [warning] [Decorations] CAPPING events from decorations provider vscode.git 4862
2022-12-28 16:58:34.340 [warning] [Decorations] CAPPING events from decorations provider vscode.git 4862
2022-12-28 16:58:39.569 [warning] [Decorations] CAPPING events from decorations provider vscode.git 4862
2022-12-28 16:58:51.970 [warning] [Decorations] CAPPING events from decorations provider vscode.git 4862
2022-12-28 16:58:57.091 [warning] [Decorations] CAPPING events from decorations provider vscode.git 4862
2022-12-28 16:59:02.214 [warning] [Decorations] CAPPING events from decorations provider vscode.git 4862
2022-12-28 16:59:07.350 [warning] [Decorations] CAPPING events from decorations provider vscode.git 4862
2022-12-28 16:59:12.474 [warning] [Decorations] CAPPING events from decorations provider vscode.git 4862
2022-12-28 16:59:17.676 [warning] [Decorations] CAPPING events from decorations provider vscode.git 4862
2022-12-28 16:59:22.878 [warning] [Decorations] CAPPING events from decorations provider vscode.git 4862
2022-12-28 16:59:27.995 [warning] [Decorations] CAPPING events from decorations provider vscode.git 4862
2022-12-28 16:59:33.120 [warning] [Decorations] CAPPING events from decorations provider vscode.git 4862
2022-12-28 16:59:38.248 [warning] [Decorations] CAPPING events from decorations provider vscode.git 4862
2022-12-28 16:59:43.380 [warning] [Decorations] CAPPING events from decorations provider vscode.git 4862
2022-12-28 16:59:48.591 [warning] [Decorations] CAPPING events from decorations provider vscode.git 4862
2022-12-28 16:59:53.710 [warning] [Decorations] CAPPING events from decorations provider vscode.git 4862
2022-12-28 16:59:58.841 [warning] [Decorations] CAPPING events from decorations provider vscode.git 4862
2022-12-28 17:00:03.977 [warning] [Decorations] CAPPING events from decorations provider vscode.git 4862
2022-12-28 17:00:34.400 [warning] [Decorations] CAPPING events from decorations provider vscode.git 4862
2022-12-28 17:00:39.533 [warning] [Decorations] CAPPING events from decorations provider vscode.git 4862
2022-12-28 17:00:45.647 [warning] [Decorations] CAPPING events from decorations provider vscode.git 4862
2022-12-28 17:00:50.788 [warning] [Decorations] CAPPING events from decorations provider vscode.git 4862
2022-12-28 17:00:55.912 [warning] [Decorations] CAPPING events from decorations provider vscode.git 4862
2022-12-28 17:01:01.032 [warning] [Decorations] CAPPING events from decorations provider vscode.git 4862
2022-12-28 17:01:06.173 [warning] [Decorations] CAPPING events from decorations provider vscode.git 4862
2022-12-28 17:01:11.309 [warning] [Decorations] CAPPING events from decorations provider vscode.git 4862
2022-12-28 17:01:16.432 [warning] [Decorations] CAPPING events from decorations provider vscode.git 4862
2022-12-28 17:01:21.560 [warning] [Decorations] CAPPING events from decorations provider vscode.git 4862
2022-12-28 17:01:26.684 [warning] [Decorations] CAPPING events from decorations provider vscode.git 4862
2022-12-28 17:01:31.808 [warning] [Decorations] CAPPING events from decorations provider vscode.git 4862
2022-12-28 17:01:36.928 [warning] [Decorations] CAPPING events from decorations provider vscode.git 4862
2022-12-28 17:01:56.882 [warning] [Decorations] CAPPING events from decorations provider vscode.git 4862
2022-12-28 17:02:02.004 [warning] [Decorations] CAPPING events from decorations provider vscode.git 4862
2022-12-28 17:02:07.130 [warning] [Decorations] CAPPING events from decorations provider vscode.git 4862
2022-12-28 17:02:12.258 [warning] [Decorations] CAPPING events from decorations provider vscode.git 4862
2022-12-28 17:02:17.411 [warning] [Decorations] CAPPING events from decorations provider vscode.git 4862
2022-12-28 17:02:22.618 [warning] [Decorations] CAPPING events from decorations provider vscode.git 4862
2022-12-28 17:02:27.742 [warning] [Decorations] CAPPING events from decorations provider vscode.git 4863
2022-12-28 17:02:32.897 [warning] [Decorations] CAPPING events from decorations provider vscode.git 4863
2022-12-28 17:02:38.110 [warning] [Decorations] CAPPING events from decorations provider vscode.git 4864
2022-12-28 17:02:43.304 [warning] [Decorations] CAPPING events from decorations provider vscode.git 4868
2022-12-28 17:02:48.507 [warning] [Decorations] CAPPING events from decorations provider vscode.git 4872
2022-12-28 17:02:53.700 [warning] [Decorations] CAPPING events from decorations provider vscode.git 4873
2022-12-28 17:02:58.889 [warning] [Decorations] CAPPING events from decorations provider vscode.git 4876
2022-12-28 17:03:04.008 [warning] [Decorations] CAPPING events from decorations provider vscode.git 4882
2022-12-28 17:03:09.133 [warning] [Decorations] CAPPING events from decorations provider vscode.git 4887
2022-12-28 17:03:14.322 [warning] [Decorations] CAPPING events from decorations provider vscode.git 4887
2022-12-28 17:03:19.510 [warning] [Decorations] CAPPING events from decorations provider vscode.git 4890
2022-12-28 17:03:24.696 [warning] [Decorations] CAPPING events from decorations provider vscode.git 4890
2022-12-28 17:03:29.885 [warning] [Decorations] CAPPING events from decorations provider vscode.git 4890
2022-12-28 17:03:35.002 [warning] [Decorations] CAPPING events from decorations provider vscode.git 4890
2022-12-28 17:03:40.118 [warning] [Decorations] CAPPING events from decorations provider vscode.git 4890
2022-12-28 17:03:45.237 [warning] [Decorations] CAPPING events from decorations provider vscode.git 4890
2022-12-28 17:03:50.357 [warning] [Decorations] CAPPING events from decorations provider vscode.git 4890
2022-12-28 17:03:55.480 [warning] [Decorations] CAPPING events from decorations provider vscode.git 4890
2022-12-28 17:04:00.603 [warning] [Decorations] CAPPING events from decorations provider vscode.git 4890
2022-12-28 17:04:05.724 [warning] [Decorations] CAPPING events from decorations provider vscode.git 4890
2022-12-28 17:04:10.850 [warning] [Decorations] CAPPING events from decorations provider vscode.git 4890
2022-12-28 17:04:15.973 [warning] [Decorations] CAPPING events from decorations provider vscode.git 4890
2022-12-28 17:04:21.093 [warning] [Decorations] CAPPING events from decorations provider vscode.git 4890
2022-12-28 17:04:26.215 [warning] [Decorations] CAPPING events from decorations provider vscode.git 4890
2022-12-28 17:04:31.341 [warning] [Decorations] CAPPING events from decorations provider vscode.git 4890
2022-12-28 17:04:36.461 [warning] [Decorations] CAPPING events from decorations provider vscode.git 4890
2022-12-28 17:04:41.588 [warning] [Decorations] CAPPING events from decorations provider vscode.git 4890
2022-12-28 17:04:46.718 [warning] [Decorations] CAPPING events from decorations provider vscode.git 4890
2022-12-28 17:04:51.919 [warning] [Decorations] CAPPING events from decorations provider vscode.git 4890
2022-12-28 17:04:57.107 [warning] [Decorations] CAPPING events from decorations provider vscode.git 4890
2022-12-28 17:05:02.294 [warning] [Decorations] CAPPING events from decorations provider vscode.git 4890
2022-12-28 17:05:07.485 [warning] [Decorations] CAPPING events from decorations provider vscode.git 4890
2022-12-28 17:05:12.681 [warning] [Decorations] CAPPING events from decorations provider vscode.git 4890
2022-12-28 17:05:17.799 [warning] [Decorations] CAPPING events from decorations provider vscode.git 4890
2022-12-28 17:05:23.006 [warning] [Decorations] CAPPING events from decorations provider vscode.git 4890
2022-12-28 17:05:28.199 [warning] [Decorations] CAPPING events from decorations provider vscode.git 4890
2022-12-28 17:05:33.313 [warning] [Decorations] CAPPING events from decorations provider vscode.git 4890
2022-12-28 17:05:38.434 [warning] [Decorations] CAPPING events from decorations provider vscode.git 4890
2022-12-28 17:05:43.651 [warning] [Decorations] CAPPING events from decorations provider vscode.git 4890
2022-12-28 17:05:48.770 [warning] [Decorations] CAPPING events from decorations provider vscode.git 4890
2022-12-28 17:05:53.887 [warning] [Decorations] CAPPING events from decorations provider vscode.git 4890
2022-12-28 17:05:59.006 [warning] [Decorations] CAPPING events from decorations provider vscode.git 4890
2022-12-28 17:06:04.130 [warning] [Decorations] CAPPING events from decorations provider vscode.git 4890
2022-12-28 17:06:09.258 [warning] [Decorations] CAPPING events from decorations provider vscode.git 4890
2022-12-28 17:06:14.377 [warning] [Decorations] CAPPING events from decorations provider vscode.git 4890
2022-12-28 17:06:19.496 [warning] [Decorations] CAPPING events from decorations provider vscode.git 4890
2022-12-28 17:06:24.621 [warning] [Decorations] CAPPING events from decorations provider vscode.git 4890
2022-12-28 17:06:29.741 [warning] [Decorations] CAPPING events from decorations provider vscode.git 4890
2022-12-28 17:06:34.857 [warning] [Decorations] CAPPING events from decorations provider vscode.git 4890
2022-12-28 17:06:39.979 [warning] [Decorations] CAPPING events from decorations provider vscode.git 4890
2022-12-28 17:06:45.106 [warning] [Decorations] CAPPING events from decorations provider vscode.git 4890
2022-12-28 17:06:50.225 [warning] [Decorations] CAPPING events from decorations provider vscode.git 4890
2022-12-28 17:06:55.345 [warning] [Decorations] CAPPING events from decorations provider vscode.git 4890
2022-12-28 17:07:00.468 [warning] [Decorations] CAPPING events from decorations provider vscode.git 4890
2022-12-28 17:07:05.598 [warning] [Decorations] CAPPING events from decorations provider vscode.git 4890
2022-12-28 17:07:10.737 [warning] [Decorations] CAPPING events from decorations provider vscode.git 4890
2022-12-28 17:07:15.866 [warning] [Decorations] CAPPING events from decorations provider vscode.git 4890
2022-12-28 17:07:20.985 [warning] [Decorations] CAPPING events from decorations provider vscode.git 4890
2022-12-28 17:07:26.107 [warning] [Decorations] CAPPING events from decorations provider vscode.git 4890
2022-12-28 17:07:31.228 [warning] [Decorations] CAPPING events from decorations provider vscode.git 4890
2022-12-28 17:07:36.341 [warning] [Decorations] CAPPING events from decorations provider vscode.git 4890
2022-12-28 17:07:41.536 [warning] [Decorations] CAPPING events from decorations provider vscode.git 4890
2022-12-28 17:07:46.657 [warning] [Decorations] CAPPING events from decorations provider vscode.git 4890
2022-12-28 17:07:51.779 [warning] [Decorations] CAPPING events from decorations provider vscode.git 4890
2022-12-28 17:07:56.891 [warning] [Decorations] CAPPING events from decorations provider vscode.git 4890
2022-12-28 17:08:02.021 [warning] [Decorations] CAPPING events from decorations provider vscode.git 4890
2022-12-28 17:08:07.138 [warning] [Decorations] CAPPING events from decorations provider vscode.git 4890
2022-12-28 17:08:12.273 [warning] [Decorations] CAPPING events from decorations provider vscode.git 4890
2022-12-28 17:08:17.390 [warning] [Decorations] CAPPING events from decorations provider vscode.git 4890
2022-12-28 17:08:22.509 [warning] [Decorations] CAPPING events from decorations provider vscode.git 4890
2022-12-28 17:08:27.626 [warning] [Decorations] CAPPING events from decorations provider vscode.git 4890
2022-12-28 17:08:32.749 [warning] [Decorations] CAPPING events from decorations provider vscode.git 4890
2022-12-28 17:08:37.867 [warning] [Decorations] CAPPING events from decorations provider vscode.git 4890
2022-12-28 17:08:42.990 [warning] [Decorations] CAPPING events from decorations provider vscode.git 4890
2022-12-28 17:08:48.111 [warning] [Decorations] CAPPING events from decorations provider vscode.git 4890
2022-12-28 17:08:53.232 [warning] [Decorations] CAPPING events from decorations provider vscode.git 4890
2022-12-28 17:08:58.354 [warning] [Decorations] CAPPING events from decorations provider vscode.git 4890
2022-12-28 17:09:03.473 [warning] [Decorations] CAPPING events from decorations provider vscode.git 4890
2022-12-28 17:09:08.593 [warning] [Decorations] CAPPING events from decorations provider vscode.git 4890
2022-12-28 17:09:13.709 [warning] [Decorations] CAPPING events from decorations provider vscode.git 4890
2022-12-28 17:09:18.821 [warning] [Decorations] CAPPING events from decorations provider vscode.git 4890
2022-12-28 17:09:24.025 [warning] [Decorations] CAPPING events from decorations provider vscode.git 4890
2022-12-28 17:09:29.236 [warning] [Decorations] CAPPING events from decorations provider vscode.git 4890
2022-12-28 17:09:34.352 [warning] [Decorations] CAPPING events from decorations provider vscode.git 4890
2022-12-28 17:09:39.494 [warning] [Decorations] CAPPING events from decorations provider vscode.git 4890
2022-12-28 17:09:44.609 [warning] [Decorations] CAPPING events from decorations provider vscode.git 4890
2022-12-28 17:09:49.725 [warning] [Decorations] CAPPING events from decorations provider vscode.git 4890
2022-12-28 17:09:54.849 [warning] [Decorations] CAPPING events from decorations provider vscode.git 4890
2022-12-28 17:09:59.985 [warning] [Decorations] CAPPING events from decorations provider vscode.git 4890
2022-12-28 17:10:05.108 [warning] [Decorations] CAPPING events from decorations provider vscode.git 4890
2022-12-28 17:10:10.309 [warning] [Decorations] CAPPING events from decorations provider vscode.git 4890
2022-12-28 17:10:15.427 [warning] [Decorations] CAPPING events from decorations provider vscode.git 4890
2022-12-28 17:10:20.543 [warning] [Decorations] CAPPING events from decorations provider vscode.git 4890
2022-12-28 17:10:25.670 [warning] [Decorations] CAPPING events from decorations provider vscode.git 4890
2022-12-28 17:10:30.795 [warning] [Decorations] CAPPING events from decorations provider vscode.git 4890
2022-12-28 17:10:35.919 [warning] [Decorations] CAPPING events from decorations provider vscode.git 4890
2022-12-28 17:10:41.035 [warning] [Decorations] CAPPING events from decorations provider vscode.git 4890
2022-12-28 17:10:46.158 [warning] [Decorations] CAPPING events from decorations provider vscode.git 4890
2022-12-28 17:10:51.282 [warning] [Decorations] CAPPING events from decorations provider vscode.git 4890
2022-12-28 17:10:56.406 [warning] [Decorations] CAPPING events from decorations provider vscode.git 4890
2022-12-28 17:11:01.533 [warning] [Decorations] CAPPING events from decorations provider vscode.git 4890
2022-12-28 17:11:06.732 [warning] [Decorations] CAPPING events from decorations provider vscode.git 4890
2022-12-28 17:11:11.920 [warning] [Decorations] CAPPING events from decorations provider vscode.git 4890
2022-12-28 17:11:17.136 [warning] [Decorations] CAPPING events from decorations provider vscode.git 4890
2022-12-28 17:11:22.250 [warning] [Decorations] CAPPING events from decorations provider vscode.git 4890
2022-12-28 17:11:27.447 [warning] [Decorations] CAPPING events from decorations provider vscode.git 4890
2022-12-28 17:11:32.660 [warning] [Decorations] CAPPING events from decorations provider vscode.git 4890
2022-12-28 17:11:37.873 [warning] [Decorations] CAPPING events from decorations provider vscode.git 4890
2022-12-28 17:12:37.141 [warning] [Decorations] CAPPING events from decorations provider vscode.git 4890
2022-12-28 17:12:42.261 [warning] [Decorations] CAPPING events from decorations provider vscode.git 4890
2022-12-28 17:12:47.448 [warning] [Decorations] CAPPING events from decorations provider vscode.git 4890
2022-12-28 17:12:52.570 [warning] [Decorations] CAPPING events from decorations provider vscode.git 4890
2022-12-28 17:12:57.688 [warning] [Decorations] CAPPING events from decorations provider vscode.git 4890
2022-12-28 17:13:02.811 [warning] [Decorations] CAPPING events from decorations provider vscode.git 4890
2022-12-28 17:13:07.936 [warning] [Decorations] CAPPING events from decorations provider vscode.git 4890
2022-12-28 17:13:13.066 [warning] [Decorations] CAPPING events from decorations provider vscode.git 4890
2022-12-28 17:13:18.194 [warning] [Decorations] CAPPING events from decorations provider vscode.git 4890
2022-12-28 17:13:23.323 [warning] [Decorations] CAPPING events from decorations provider vscode.git 4890
2022-12-28 17:13:28.444 [warning] [Decorations] CAPPING events from decorations provider vscode.git 4890
2022-12-28 17:13:33.566 [warning] [Decorations] CAPPING events from decorations provider vscode.git 4890
2022-12-28 17:13:38.682 [warning] [Decorations] CAPPING events from decorations provider vscode.git 4890
2022-12-28 17:15:00.354 [warning] [Decorations] CAPPING events from decorations provider vscode.git 4890
2022-12-28 17:15:05.476 [warning] [Decorations] CAPPING events from decorations provider vscode.git 4890
2022-12-28 17:15:10.690 [warning] [Decorations] CAPPING events from decorations provider vscode.git 4890
2022-12-28 17:15:15.805 [warning] [Decorations] CAPPING events from decorations provider vscode.git 4890
2022-12-28 17:15:21.004 [warning] [Decorations] CAPPING events from decorations provider vscode.git 4890
2022-12-28 17:15:26.122 [warning] [Decorations] CAPPING events from decorations provider vscode.git 4890
2022-12-28 17:15:31.249 [warning] [Decorations] CAPPING events from decorations provider vscode.git 4890
2022-12-28 17:15:36.387 [warning] [Decorations] CAPPING events from decorations provider vscode.git 4890
2022-12-28 17:15:41.516 [warning] [Decorations] CAPPING events from decorations provider vscode.git 4890
2022-12-28 17:15:46.639 [warning] [Decorations] CAPPING events from decorations provider vscode.git 4890
2022-12-28 17:15:51.759 [warning] [Decorations] CAPPING events from decorations provider vscode.git 4890
2022-12-28 17:15:56.900 [warning] [Decorations] CAPPING events from decorations provider vscode.git 4890
2022-12-28 17:16:02.041 [warning] [Decorations] CAPPING events from decorations provider vscode.git 4890
2022-12-28 17:16:07.171 [warning] [Decorations] CAPPING events from decorations provider vscode.git 4890
2022-12-28 17:16:12.289 [warning] [Decorations] CAPPING events from decorations provider vscode.git 4890
2022-12-28 17:16:17.414 [warning] [Decorations] CAPPING events from decorations provider vscode.git 4890
2022-12-28 17:16:22.565 [warning] [Decorations] CAPPING events from decorations provider vscode.git 4890
2022-12-28 17:16:27.692 [warning] [Decorations] CAPPING events from decorations provider vscode.git 4890
2022-12-28 17:16:33.007 [warning] [Decorations] CAPPING events from decorations provider vscode.git 4890
2022-12-28 17:16:38.123 [warning] [Decorations] CAPPING events from decorations provider vscode.git 4890
2022-12-28 17:16:43.245 [warning] [Decorations] CAPPING events from decorations provider vscode.git 4890
2022-12-28 17:16:54.542 [warning] [Decorations] CAPPING events from decorations provider vscode.git 4890
2022-12-28 17:16:59.658 [warning] [Decorations] CAPPING events from decorations provider vscode.git 4890
2022-12-28 17:17:04.794 [warning] [Decorations] CAPPING events from decorations provider vscode.git 4890
2022-12-28 17:17:09.914 [warning] [Decorations] CAPPING events from decorations provider vscode.git 4890
2022-12-28 17:17:15.033 [warning] [Decorations] CAPPING events from decorations provider vscode.git 4890
2022-12-28 17:17:20.155 [warning] [Decorations] CAPPING events from decorations provider vscode.git 4890
2022-12-28 17:17:25.306 [warning] [Decorations] CAPPING events from decorations provider vscode.git 4890
2022-12-28 17:17:30.423 [warning] [Decorations] CAPPING events from decorations provider vscode.git 4890
2022-12-28 17:17:35.617 [warning] [Decorations] CAPPING events from decorations provider vscode.git 4890
2022-12-28 17:17:40.732 [warning] [Decorations] CAPPING events from decorations provider vscode.git 4890
2022-12-28 17:17:45.854 [warning] [Decorations] CAPPING events from decorations provider vscode.git 4890
2022-12-28 17:17:50.978 [warning] [Decorations] CAPPING events from decorations provider vscode.git 4890
2022-12-28 17:17:56.101 [warning] [Decorations] CAPPING events from decorations provider vscode.git 4890
2022-12-28 17:18:01.226 [warning] [Decorations] CAPPING events from decorations provider vscode.git 4890
2022-12-28 17:18:06.350 [warning] [Decorations] CAPPING events from decorations provider vscode.git 4890
2022-12-28 17:18:11.472 [warning] [Decorations] CAPPING events from decorations provider vscode.git 4890
2022-12-28 17:18:16.592 [warning] [Decorations] CAPPING events from decorations provider vscode.git 4890
2022-12-28 17:18:21.718 [warning] [Decorations] CAPPING events from decorations provider vscode.git 4890
2022-12-28 17:18:26.914 [warning] [Decorations] CAPPING events from decorations provider vscode.git 4890
2022-12-28 17:18:32.032 [warning] [Decorations] CAPPING events from decorations provider vscode.git 4890
2022-12-28 17:18:37.152 [warning] [Decorations] CAPPING events from decorations provider vscode.git 4890
2022-12-28 17:18:42.261 [warning] [Decorations] CAPPING events from decorations provider vscode.git 4890
2022-12-28 17:18:47.381 [warning] [Decorations] CAPPING events from decorations provider vscode.git 4890
2022-12-28 17:18:52.502 [warning] [Decorations] CAPPING events from decorations provider vscode.git 4890
2022-12-28 17:18:57.626 [warning] [Decorations] CAPPING events from decorations provider vscode.git 4890
2022-12-28 17:19:02.828 [warning] [Decorations] CAPPING events from decorations provider vscode.git 4890
2022-12-28 17:19:07.949 [warning] [Decorations] CAPPING events from decorations provider vscode.git 4890
2022-12-28 17:19:13.076 [warning] [Decorations] CAPPING events from decorations provider vscode.git 4890
2022-12-28 17:19:18.200 [warning] [Decorations] CAPPING events from decorations provider vscode.git 4890
2022-12-28 17:19:23.402 [warning] [Decorations] CAPPING events from decorations provider vscode.git 4890
2022-12-28 17:19:28.521 [warning] [Decorations] CAPPING events from decorations provider vscode.git 4890
2022-12-28 17:19:33.722 [warning] [Decorations] CAPPING events from decorations provider vscode.git 4890
2022-12-28 17:19:38.842 [warning] [Decorations] CAPPING events from decorations provider vscode.git 4890
2022-12-28 17:19:44.047 [warning] [Decorations] CAPPING events from decorations provider vscode.git 4890
2022-12-28 17:19:49.172 [warning] [Decorations] CAPPING events from decorations provider vscode.git 4890
2022-12-28 17:19:54.298 [warning] [Decorations] CAPPING events from decorations provider vscode.git 4890
2022-12-28 17:19:59.417 [warning] [Decorations] CAPPING events from decorations provider vscode.git 4890
2022-12-28 17:20:04.544 [warning] [Decorations] CAPPING events from decorations provider vscode.git 4890
2022-12-28 17:20:09.670 [warning] [Decorations] CAPPING events from decorations provider vscode.git 4890
2022-12-28 17:20:20.312 [warning] [Decorations] CAPPING events from decorations provider vscode.git 4890
2022-12-28 17:20:25.436 [warning] [Decorations] CAPPING events from decorations provider vscode.git 4890
2022-12-28 17:20:30.649 [warning] [Decorations] CAPPING events from decorations provider vscode.git 4890
2022-12-28 17:20:35.771 [warning] [Decorations] CAPPING events from decorations provider vscode.git 4890
2022-12-28 17:20:40.963 [warning] [Decorations] CAPPING events from decorations provider vscode.git 4890
2022-12-28 17:20:46.084 [warning] [Decorations] CAPPING events from decorations provider vscode.git 4890
2022-12-28 17:21:23.361 [warning] [Decorations] CAPPING events from decorations provider vscode.git 4890
2022-12-28 17:21:28.487 [warning] [Decorations] CAPPING events from decorations provider vscode.git 4890
2022-12-28 17:21:33.610 [warning] [Decorations] CAPPING events from decorations provider vscode.git 4890
2022-12-28 17:21:38.811 [warning] [Decorations] CAPPING events from decorations provider vscode.git 4890
2022-12-28 17:21:43.931 [warning] [Decorations] CAPPING events from decorations provider vscode.git 4890
2022-12-28 17:21:49.056 [warning] [Decorations] CAPPING events from decorations provider vscode.git 4890
2022-12-28 17:21:54.193 [warning] [Decorations] CAPPING events from decorations provider vscode.git 4890
2022-12-28 17:21:59.213 [warning] [Decorations] CAPPING events from decorations provider vscode.git 4890
2022-12-28 17:22:00.059 [warning] [Decorations] CAPPING events from decorations provider vscode.git 4862
2022-12-28 17:22:05.184 [warning] [Decorations] CAPPING events from decorations provider vscode.git 4862
2022-12-28 17:22:10.380 [warning] [Decorations] CAPPING events from decorations provider vscode.git 4862
2022-12-28 17:22:42.239 [warning] [Decorations] CAPPING events from decorations provider vscode.git 4862
2022-12-28 17:22:47.359 [warning] [Decorations] CAPPING events from decorations provider vscode.git 4862
2022-12-28 17:22:52.487 [warning] [Decorations] CAPPING events from decorations provider vscode.git 4862
2022-12-28 17:22:57.701 [warning] [Decorations] CAPPING events from decorations provider vscode.git 4862
2022-12-28 17:23:02.824 [warning] [Decorations] CAPPING events from decorations provider vscode.git 4862
2022-12-28 17:23:07.956 [warning] [Decorations] CAPPING events from decorations provider vscode.git 4862
2022-12-28 17:23:13.086 [warning] [Decorations] CAPPING events from decorations provider vscode.git 4862
2022-12-28 17:23:18.207 [warning] [Decorations] CAPPING events from decorations provider vscode.git 4862
2022-12-28 17:23:23.329 [warning] [Decorations] CAPPING events from decorations provider vscode.git 4862
2022-12-28 17:23:28.528 [warning] [Decorations] CAPPING events from decorations provider vscode.git 4862
2022-12-28 17:23:33.720 [warning] [Decorations] CAPPING events from decorations provider vscode.git 4862
2022-12-28 17:23:38.835 [warning] [Decorations] CAPPING events from decorations provider vscode.git 4862
2022-12-28 17:23:43.962 [warning] [Decorations] CAPPING events from decorations provider vscode.git 4862
2022-12-28 17:23:49.087 [warning] [Decorations] CAPPING events from decorations provider vscode.git 4862
2022-12-28 17:23:54.209 [warning] [Decorations] CAPPING events from decorations provider vscode.git 4862
