2022-12-15 23:08:08.597 [info] Log level: Info
2022-12-15 23:08:08.598 [info] Validating found git in: "git"
2022-12-15 23:08:08.598 [info] Using git "2.34.1" from "git"
2022-12-15 23:08:08.598 [info] > git rev-parse --show-toplevel [43ms]
2022-12-15 23:08:08.598 [info] fatal: not a git repository (or any of the parent directories): .git
2022-12-15 23:08:08.598 [info] > git rev-parse --show-toplevel [20ms]
2022-12-15 23:08:08.598 [info] fatal: not a git repository (or any of the parent directories): .git
2022-12-15 23:08:08.598 [info] > git rev-parse --show-toplevel [4ms]
2022-12-15 23:08:08.598 [info] fatal: not a git repository (or any of the parent directories): .git
2022-12-15 23:08:08.598 [info] > git rev-parse --show-toplevel [2ms]
2022-12-15 23:08:08.598 [info] fatal: not a git repository (or any of the parent directories): .git
2022-12-15 23:08:08.598 [info] > git rev-parse --show-toplevel [1ms]
2022-12-15 23:08:08.598 [info] fatal: not a git repository (or any of the parent directories): .git
2022-12-15 23:08:08.598 [info] > git rev-parse --show-toplevel [1ms]
2022-12-15 23:08:08.598 [info] fatal: not a git repository (or any of the parent directories): .git
2022-12-15 23:08:09.325 [info] > git rev-parse --show-toplevel [2ms]
2022-12-15 23:08:09.325 [info] fatal: not a git repository (or any of the parent directories): .git
2022-12-15 23:08:09.840 [info] > git rev-parse --show-toplevel [5ms]
2022-12-15 23:08:09.841 [info] fatal: not a git repository (or any of the parent directories): .git
2022-12-15 23:08:11.067 [info] > git rev-parse --show-toplevel [3ms]
2022-12-15 23:08:11.067 [info] fatal: not a git repository (or any of the parent directories): .git
2022-12-15 23:08:11.072 [info] > git rev-parse --show-toplevel [2ms]
2022-12-15 23:08:11.072 [info] fatal: not a git repository (or any of the parent directories): .git
2022-12-15 23:08:11.278 [info] > git rev-parse --show-toplevel [8ms]
2022-12-15 23:08:11.278 [info] fatal: not a git repository (or any of the parent directories): .git
2022-12-15 23:08:11.286 [info] > git rev-parse --show-toplevel [4ms]
2022-12-15 23:08:11.286 [info] fatal: not a git repository (or any of the parent directories): .git
2022-12-15 23:10:01.824 [info] > git rev-parse --show-toplevel [3ms]
2022-12-15 23:10:01.824 [info] fatal: not a git repository (or any of the parent directories): .git
